Graphics Device initialization failed for :  d3d, sw
Error initializing QuantumRenderer: no suitable pipeline found
java.lang.RuntimeException: java.lang.RuntimeException: Error initializing QuantumRenderer: no suitable pipeline found
	at com.sun.javafx.tk.quantum.QuantumRenderer.getInstance(QuantumRenderer.java:280)
	at com.sun.javafx.tk.quantum.QuantumToolkit.init(QuantumToolkit.java:244)
	at com.sun.javafx.tk.Toolkit.getToolkit(Toolkit.java:260)
	at com.sun.javafx.application.PlatformImpl.startup(PlatformImpl.java:267)
	at com.sun.javafx.application.PlatformImpl.startup(PlatformImpl.java:158)
	at com.sun.javafx.application.LauncherImpl.startToolkit(LauncherImpl.java:658)
	at com.sun.javafx.application.LauncherImpl.launchApplication1(LauncherImpl.java:678)
	at com.sun.javafx.application.LauncherImpl.lambda$launchApplication$2(LauncherImpl.java:195)
	at java.base/java.lang.Thread.run(Thread.java:1583)
Caused by: java.lang.RuntimeException: Error initializing QuantumRenderer: no suitable pipeline found
	at com.sun.javafx.tk.quantum.QuantumRenderer$PipelineRunnable.init(QuantumRenderer.java:94)
	at com.sun.javafx.tk.quantum.QuantumRenderer$PipelineRunnable.run(QuantumRenderer.java:124)
	... 1 more
java.lang.RuntimeException: No toolkit found
	at com.sun.javafx.tk.Toolkit.getToolkit(Toolkit.java:272)
	at com.sun.javafx.application.PlatformImpl.startup(PlatformImpl.java:267)
	at com.sun.javafx.application.PlatformImpl.startup(PlatformImpl.java:158)
	at com.sun.javafx.application.LauncherImpl.startToolkit(LauncherImpl.java:658)
	at com.sun.javafx.application.LauncherImpl.launchApplication1(LauncherImpl.java:678)
	at com.sun.javafx.application.LauncherImpl.lambda$launchApplication$2(LauncherImpl.java:195)
	at java.base/java.lang.Thread.run(Thread.java:1583)
